Log file open, 06/25/19 17:30:00
LogWindows: Failed to load 'aqProf.dll' (GetLastError=126)
LogWindows: File 'aqProf.dll' does not exist
LogWindows: Failed to load 'VSPerf140.dll' (GetLastError=126)
LogWindows: File 'VSPerf140.dll' does not exist
LogWindows: Failed to load 'VtuneApi.dll' (GetLastError=126)
LogWindows: File 'VtuneApi.dll' does not exist
LogWindows: Failed to load 'VtuneApi32e.dll' (GetLastError=126)
LogWindows: File 'VtuneApi32e.dll' does not exist
LogInit: Display: Running engine for game: BomberBoiz
LogInit: Display: Project file not found: ../../../BomberBoiz/BomberBoiz.uproject
LogInit: Display: 	Attempting to find via project info helper.
LogUProjectInfo: Found projects:
LogPlatformFile: Not using cached read wrapper
LogInit: Display: RandInit(-478897562) SRandInit(-478897562).
LogTaskGraph: Started task graph with 5 named threads and 17 total threads with 3 sets of task threads.
LogStats: Stats thread started at 0.466008
LogPluginManager: Mounting plugin Paper2D
LogPluginManager: Mounting plugin LightPropagationVolume
LogPluginManager: Mounting plugin FacialAnimation
LogPluginManager: Mounting plugin CharacterAI
LogPluginManager: Mounting plugin HTML5Networking
LogPluginManager: Mounting plugin AvfMedia
LogPluginManager: Mounting plugin ImgMedia
LogPluginManager: Mounting plugin MediaCompositing
LogPluginManager: Mounting plugin WmfMedia
LogPluginManager: Mounting plugin TcpMessaging
LogPluginManager: Mounting plugin UdpMessaging
LogPluginManager: Mounting plugin ActorSequence
LogPluginManager: Mounting plugin OnlineSubsystem
LogPluginManager: Mounting plugin OnlineSubsystemNull
LogPluginManager: Mounting plugin OnlineSubsystemUtils
LogPluginManager: Mounting plugin AndroidPermission
LogPluginManager: Mounting plugin AppleARKit
LogPluginManager: Mounting plugin ArchVisCharacter
LogPluginManager: Mounting plugin CableComponent
LogPluginManager: Mounting plugin CustomMeshComponent
LogPluginManager: Mounting plugin ExampleDeviceProfileSelector
LogPluginManager: Mounting plugin ImmediatePhysics
LogPluginManager: Mounting plugin LocationServicesBPLibrary
LogPluginManager: Mounting plugin MobilePatchingUtils
LogPluginManager: Mounting plugin OculusVR
LogPluginManager: Mounting plugin PhysXVehicles
LogPluginManager: Mounting plugin ProceduralMeshComponent
LogPluginManager: Mounting plugin RuntimePhysXCooking
LogPluginManager: Mounting plugin SteamVR
LogPluginManager: Mounting plugin WindowsMoviePlayer
LogInit: Using libcurl 7.47.1
LogInit:  - built for i386-pc-win32
LogInit:  - supports SSL with OpenSSL/1.0.2g
LogInit:  - supports HTTP deflate (compression) using libz 1.2.8
LogInit:  - other features:
LogInit:      CURL_VERSION_SSL
LogInit:      CURL_VERSION_LIBZ
LogInit:      CURL_VERSION_IPV6
LogInit:      CURL_VERSION_ASYNCHDNS
LogInit:      CURL_VERSION_LARGEFILE
LogInit:      CURL_VERSION_IDN
LogInit:  CurlRequestOptions (configurable via config and command line):
LogInit:  - bVerifyPeer = false  - Libcurl will NOT verify peer certificate
LogInit:  - bUseHttpProxy = false  - Libcurl will NOT use HTTP proxy
LogInit:  - bDontReuseConnections = false  - Libcurl will reuse connections
LogInit:  - CertBundlePath = nullptr  - Libcurl will use whatever was configured at build time.
LogInit: Build: ++UE4+Release-4.18-CL-3754814
LogInit: Engine Version: 4.18.1-3754814+++UE4+Release-4.18
LogInit: Compatible Engine Version: 4.18.0-3709383+++UE4+Release-4.18
LogInit: Net CL: 3709383
LogDevObjectVersion: Number of dev versions registered: 16
LogDevObjectVersion:   Dev-Blueprints (B0D832E4-1F89-4F0D-ACCF-7EB736FD4AA2): 10
LogDevObjectVersion:   Dev-Build (E1C64328-A22C-4D53-A36C-8E866417BD8C): 0
LogDevObjectVersion:   Dev-Core (375EC13C-06E4-48FB-B500-84F0262A717E): 2
LogDevObjectVersion:   Dev-Editor (E4B068ED-F494-42E9-A231-DA0B2E46BB41): 20
LogDevObjectVersion:   Dev-Framework (CFFC743F-43B0-4480-9391-14DF171D2073): 30
LogDevObjectVersion:   Dev-Mobile (B02B49B5-BB20-44E9-A304-32B752E40360): 0
LogDevObjectVersion:   Dev-Networking (A4E4105C-59A1-49B5-A7C5-40C4547EDFEE): 0
LogDevObjectVersion:   Dev-Online (39C831C9-5AE6-47DC-9A44-9C173E1C8E7C): 0
LogDevObjectVersion:   Dev-Physics (78F01B33-EBEA-4F98-B9B4-84EACCB95AA2): 0
LogDevObjectVersion:   Dev-Platform (6631380F-2D4D-43E0-8009-CF276956A95A): 0
LogDevObjectVersion:   Dev-Rendering (12F88B9F-8875-4AFC-A67C-D90C383ABD29): 20
LogDevObjectVersion:   Dev-Sequencer (7B5AE74C-D270-4C10-A958-57980B212A5A): 4
LogDevObjectVersion:   Dev-VR (D7296918-1DD6-4BDD-9DE2-64A83CC13884): 0
LogDevObjectVersion:   Dev-LoadTimes (C2A15278-BFE7-4AFE-6C17-90FF531DF755): 1
LogDevObjectVersion:   Private-Geometry (6EACA3D4-40EC-4CC1-B786-8BED09428FC5): 1
LogDevObjectVersion:   Dev-AnimPhys (29E575DD-E0A3-4627-9D10-D276232CDCEA): 12
LogInit: Compiled (32-bit): Nov 14 2017 02:18:38
LogInit: Compiled with Visual C++: 19.00.24215.01
LogInit: Build Configuration: Development
LogInit: Branch Name: ++UE4+Release-4.18
LogInit: Command line:  
LogInit: Base directory: C:/BomberBois/WindowsNoEditor/Engine/Binaries/Win32/
LogInit: Installed Engine Build: 0
LogInit: Presizing for max 2097152 objects, including 0 objects not considered by GC, pre-allocating 0 bytes for permanent pool.
LogStreaming: Display: Async Loading initialized: Event Driven Loader: true, Async Loading Thread: false
LogInit: Object subsystem initialized
[2019.06.25-22.30.00:152][  0]LogInit: Selected Device Profile: [WindowsNoEditor]
[2019.06.25-22.30.00:152][  0]LogInit: Applying CVar settings loaded from the selected device profile: [WindowsNoEditor]
[2019.06.25-22.30.00:159][  0]LogInit: Computer: JASON-WINDOWS
[2019.06.25-22.30.00:159][  0]LogInit: User: chand
[2019.06.25-22.30.00:159][  0]LogInit: CPU Page size=4096, Cores=6
[2019.06.25-22.30.00:159][  0]LogInit: High frequency timer resolution =2.156251 MHz
[2019.06.25-22.30.00:159][  0]LogMemory: Memory total: Physical=15.9GB (16GB approx) Virtual=4.0GB
[2019.06.25-22.30.00:159][  0]LogMemory: Platform Memory Stats for WindowsNoEditor
[2019.06.25-22.30.00:159][  0]LogMemory: Process Physical Memory: 74.09 MB used, 74.09 MB peak
[2019.06.25-22.30.00:159][  0]LogMemory: Process Virtual Memory: 88.23 MB used, 88.23 MB peak
[2019.06.25-22.30.00:159][  0]LogMemory: Physical Memory: 7799.97 MB used,  8507.03 MB free, 16307.00 MB total
[2019.06.25-22.30.00:159][  0]LogMemory: Virtual Memory: 295.73 MB used,  8507.03 MB free, 4095.88 MB total
[2019.06.25-22.30.00:908][  0]LogInit: Using OS detected language (en-US).
[2019.06.25-22.30.00:908][  0]LogInit: Using OS detected locale (en-US).
[2019.06.25-22.30.00:909][  0]LogTextLocalizationManager: No specific localization for 'en-US' exists, so the 'en' localization will be used.
[2019.06.25-22.30.00:984][  0]LogD3D11RHI: D3D11 adapters:
[2019.06.25-22.30.01:077][  0]LogD3D11RHI:    0. 'NVIDIA GeForce GTX 1070' (Feature Level 11_0)
[2019.06.25-22.30.01:077][  0]LogD3D11RHI:       3072/0/1023 MB DedicatedVideo/DedicatedSystem/SharedSystem, Outputs:1, VendorId:0x10de
[2019.06.25-22.30.01:081][  0]LogD3D11RHI:    1. 'Microsoft Basic Render Driver' (Feature Level 11_0)
[2019.06.25-22.30.01:081][  0]LogD3D11RHI:       0/0/4095 MB DedicatedVideo/DedicatedSystem/SharedSystem, Outputs:0, VendorId:0x1414
[2019.06.25-22.30.01:081][  0]LogD3D11RHI: Chosen D3D11 Adapter: 0
[2019.06.25-22.30.01:090][  0]LogD3D11RHI: Creating new Direct3DDevice
[2019.06.25-22.30.01:091][  0]LogD3D11RHI:     GPU DeviceId: 0x1be1 (for the marketing name, search the web for "GPU Device Id")
[2019.06.25-22.30.01:091][  0]LogWindows: EnumDisplayDevices:
[2019.06.25-22.30.01:091][  0]LogWindows:    0. 'NVIDIA GeForce GTX 1070' (P:1 D:1)
[2019.06.25-22.30.01:091][  0]LogWindows:    1. 'NVIDIA GeForce GTX 1070' (P:0 D:0)
[2019.06.25-22.30.01:091][  0]LogWindows:    2. 'NVIDIA GeForce GTX 1070' (P:0 D:0)
[2019.06.25-22.30.01:092][  0]LogWindows:    3. 'NVIDIA GeForce GTX 1070' (P:0 D:0)
[2019.06.25-22.30.01:092][  0]LogWindows: DebugString: GetVideoDriverDetailsInvalid PrimaryIsNotTheChoosenAdapter GetVideoDriverDetailsInvalid PrimaryIsNotTheChoosenAdapter GetVideoDriverDetailsInvalid PrimaryIsNotTheChoosenAdapter GetVideoDriverDetailsInvalid PrimaryIsNotTheChoosenAdapter FoundDriverCount:0 
[2019.06.25-22.30.01:092][  0]LogD3D11RHI:     Adapter Name: NVIDIA GeForce GTX 1070
[2019.06.25-22.30.01:092][  0]LogD3D11RHI:   Driver Version: Unknown (internal:Unknown, unified:Unknown)
[2019.06.25-22.30.01:092][  0]LogD3D11RHI:      Driver Date: Unknown
[2019.06.25-22.30.01:092][  0]LogRHI: Texture pool is 716 MB (70% of 1024 MB)
[2019.06.25-22.30.01:151][  0]LogD3D11RHI: Async texture creation enabled
[2019.06.25-22.30.01:210][  0]LogD3D11RHI: GPU Timing Frequency: 1000.000000 (Debug: 2 2)
[2019.06.25-22.30.01:284][  0]LogMaterial: Verifying Global Shaders for PCD3D_SM5
[2019.06.25-22.30.01:291][  0]LogSlate: Using Freetype 2.6.0
[2019.06.25-22.30.01:292][  0]LogSlate: SlateFontCache - WITH_FREETYPE: 1, WITH_HARFBUZZ: 1
[2019.06.25-22.30.01:292][  0]LogSlate: SlateFontCache - WITH_FREETYPE: 1, WITH_HARFBUZZ: 1
[2019.06.25-22.30.01:358][  0]LogAssetRegistry: FAssetRegistry took 0.0152 seconds to start up
[2019.06.25-22.30.01:478][  0]LogPackageLocalizationCache: Processed 7 localized package path(s) for 2 prioritized culture(s) in 0.005779 seconds
[2019.06.25-22.30.01:478][  0]LogPakFile: New pak file ../../../BomberBoiz/Content/Paks/BomberBoiz-WindowsNoEditor.pak added to pak precacher.
[2019.06.25-22.30.01:481][  0]LogInit: Selected Device Profile: [WindowsNoEditor]
[2019.06.25-22.30.01:539][  0]LogNetVersion: BomberBoiz , NetCL: 3709383, EngineNetVer: 2, GameNetVer: 0 (Checksum: 2301335220)
[2019.06.25-22.30.01:636][  0]LogInit: WinSock: version 1.1 (2.2), MaxSocks=32767, MaxUdp=65467
[2019.06.25-22.30.01:670][  0]LogMoviePlayer: Initializing movie player
[2019.06.25-22.30.01:745][  0]LogAndroidPermission: UAndroidPermissionCallbackProxy::GetInstance
[2019.06.25-22.30.01:745][  0]LogOcInput: OculusInput pre-init called
[2019.06.25-22.30.01:749][  0]LogUObjectArray: 30863 objects as part of root set at end of initial load.
[2019.06.25-22.30.01:749][  0]LogUObjectAllocator: 4287380 out of 0 bytes used by permanent object pool.
[2019.06.25-22.30.01:749][  0]LogUObjectArray: CloseDisregardForGC: 0/0 objects in disregard for GC pool
[2019.06.25-22.30.01:761][  0]LogEngine: Initializing Engine...
[2019.06.25-22.30.01:764][  0]LogHMD: Failed to initialize OpenVR with code 110
[2019.06.25-22.30.01:878][  0]LogStats: UGameplayTagsManager::ConstructGameplayTagTree: Construct from data asset -  0.000 s
[2019.06.25-22.30.01:879][  0]LogStats: UGameplayTagsManager::ConstructGameplayTagTree: GameplayTagTreeChangedEvent.Broadcast -  0.000 s
[2019.06.25-22.30.01:912][  0]LogInit: XAudio2 using 'Speakers (Realtek High Definition Audio)' : 6 channels at 48 kHz using 32 bits per sample (channel mask 0x3f)
[2019.06.25-22.30.02:010][  0]LogInit: FAudioDevice initialized.
[2019.06.25-22.30.02:021][  0]LogInit: Texture streaming: Enabled
[2019.06.25-22.30.02:035][  0]LogInit: Display: Game Engine Initialized.
[2019.06.25-22.30.02:035][  0]LogGameplayTags: Display: UGameplayTagsManager::DoneAddingNativeTags. DelegateIsBound: 0
[2019.06.25-22.30.02:046][  0]LogInit: Display: Starting Game.
[2019.06.25-22.30.02:047][  0]LogNet: Browse: /Game/ThirdPersonBP/Maps/ThirdPersonExampleMap?Name=Player
[2019.06.25-22.30.02:047][  0]LogLoad: LoadMap: /Game/ThirdPersonBP/Maps/ThirdPersonExampleMap?Name=Player
[2019.06.25-22.30.02:405][  0]LogAIModule: Creating AISystem for world ThirdPersonExampleMap
[2019.06.25-22.30.02:406][  0]LogLoad: Game class is 'ThirdPersonGameMode_C'
[2019.06.25-22.30.02:419][  0]LogWorld: Bringing World /Game/ThirdPersonBP/Maps/ThirdPersonExampleMap.ThirdPersonExampleMap up for play (max tick rate 0) at 2019.06.25-17.30.02
[2019.06.25-22.30.02:426][  0]LogWorld: Bringing up level for play took: 0.018343
[2019.06.25-22.30.02:429][  0]LogGameMode: FindPlayerStart: PATHS NOT DEFINED or NO PLAYERSTART with positive rating
[2019.06.25-22.30.02:431][  0]LogUMG: Display: Widget Class Scores_C - Loaded Fast Template.
[2019.06.25-22.30.02:440][  0]LogSlate: Took 0.000192 seconds to synchronously load lazily loaded font '../../../Engine/Content/EngineFonts/Faces/RobotoBold.ufont' (160K)
[2019.06.25-22.30.02:442][  0]LogLoad: Took 0.395025 seconds to LoadMap(/Game/ThirdPersonBP/Maps/ThirdPersonExampleMap)
[2019.06.25-22.30.02:714][  0]LogLoad: (Engine Initialization) Total time: 3.37 seconds
[2019.06.25-22.30.02:714][  0]LogExternalProfiler: No external profilers were discovered.  External profiling features will not be available.
[2019.06.25-22.30.02:781][  0]LogRenderer: Reallocating scene render targets to support 1920x1080 Format 10 NumSamples 1 (Frame:1).
[2019.06.25-22.30.02:880][  0]LogContentStreaming: Texture pool size now 1000 MB
[2019.06.25-22.30.31:954][796]LogMaterial: Had to pass SMU back to game thread. Please ensure correct material usage flags.
[2019.06.25-22.30.39:965][289]LogNet: Browse: /Game/ThirdPersonBP/Maps/ThirdPersonExampleMap
[2019.06.25-22.30.39:965][289]LogLoad: LoadMap: /Game/ThirdPersonBP/Maps/ThirdPersonExampleMap
[2019.06.25-22.30.40:247][289]LogAIModule: Creating AISystem for world ThirdPersonExampleMap
[2019.06.25-22.30.40:248][289]LogLoad: Game class is 'ThirdPersonGameMode_C'
[2019.06.25-22.30.40:252][289]LogWorld: Bringing World /Game/ThirdPersonBP/Maps/ThirdPersonExampleMap.ThirdPersonExampleMap up for play (max tick rate 0) at 2019.06.25-17.30.40
[2019.06.25-22.30.40:255][289]LogWorld: Bringing up level for play took: 0.006116
[2019.06.25-22.30.40:256][289]LogGameMode: FindPlayerStart: PATHS NOT DEFINED or NO PLAYERSTART with positive rating
[2019.06.25-22.30.40:256][289]LogUMG: Display: Widget Class Scores_C - Loaded Fast Template.
[2019.06.25-22.30.40:257][289]LogLoad: Took 0.292394 seconds to LoadMap(/Game/ThirdPersonBP/Maps/ThirdPersonExampleMap)
[2019.06.25-22.30.42:510][419]LogMaterial: Warning: Material /Game/StarterContent/Blueprints/Assets/M_LightStage_Skybox_Master.M_LightStage_Skybox_Master missing bUsedWithSkeletalMesh=True! Default Material will be used in game.
[2019.06.25-22.30.42:510][419]LogMaterial: Warning:      The material will recompile every editor launch until resaved.
[2019.06.25-22.30.50:509][915]LogNet: Browse: /Game/ThirdPersonBP/Maps/ThirdPersonExampleMap
[2019.06.25-22.30.50:509][915]LogLoad: LoadMap: /Game/ThirdPersonBP/Maps/ThirdPersonExampleMap
[2019.06.25-22.30.50:796][915]LogAIModule: Creating AISystem for world ThirdPersonExampleMap
[2019.06.25-22.30.50:797][915]LogLoad: Game class is 'ThirdPersonGameMode_C'
[2019.06.25-22.30.50:805][915]LogWorld: Bringing World /Game/ThirdPersonBP/Maps/ThirdPersonExampleMap.ThirdPersonExampleMap up for play (max tick rate 0) at 2019.06.25-17.30.50
[2019.06.25-22.30.50:808][915]LogWorld: Bringing up level for play took: 0.010182
[2019.06.25-22.30.50:809][915]LogGameMode: FindPlayerStart: PATHS NOT DEFINED or NO PLAYERSTART with positive rating
[2019.06.25-22.30.50:809][915]LogUMG: Display: Widget Class Scores_C - Loaded Fast Template.
[2019.06.25-22.30.50:811][915]LogLoad: Took 0.300976 seconds to LoadMap(/Game/ThirdPersonBP/Maps/ThirdPersonExampleMap)
[2019.06.25-22.30.53:058][ 48]LogMaterial: Warning: Material /Game/StarterContent/Blueprints/Assets/M_LightStage_Skybox_Master.M_LightStage_Skybox_Master missing bUsedWithSkeletalMesh=True! Default Material will be used in game.
[2019.06.25-22.30.53:058][ 48]LogMaterial: Warning:      The material will recompile every editor launch until resaved.
[2019.06.25-22.31.05:058][792]LogNet: Browse: /Game/ThirdPersonBP/Maps/ThirdPersonExampleMap
[2019.06.25-22.31.05:059][792]LogLoad: LoadMap: /Game/ThirdPersonBP/Maps/ThirdPersonExampleMap
[2019.06.25-22.31.05:389][792]LogAIModule: Creating AISystem for world ThirdPersonExampleMap
[2019.06.25-22.31.05:392][792]LogLoad: Game class is 'ThirdPersonGameMode_C'
[2019.06.25-22.31.05:398][792]LogWorld: Bringing World /Game/ThirdPersonBP/Maps/ThirdPersonExampleMap.ThirdPersonExampleMap up for play (max tick rate 0) at 2019.06.25-17.31.05
[2019.06.25-22.31.05:401][792]LogWorld: Bringing up level for play took: 0.007961
[2019.06.25-22.31.05:402][792]LogGameMode: FindPlayerStart: PATHS NOT DEFINED or NO PLAYERSTART with positive rating
[2019.06.25-22.31.05:403][792]LogUMG: Display: Widget Class Scores_C - Loaded Fast Template.
[2019.06.25-22.31.05:404][792]LogLoad: Took 0.345930 seconds to LoadMap(/Game/ThirdPersonBP/Maps/ThirdPersonExampleMap)
[2019.06.25-22.31.07:603][906]LogMaterial: Had to pass SMU back to game thread. Please ensure correct material usage flags.
[2019.06.25-22.31.08:917][941]LogAudio: Warning: Waited 49.161716ms for audio thread.
[2019.06.25-22.31.08:920][941]LogAudio: Warning: Waited 51.873367ms for audio thread.
[2019.06.25-22.31.15:591][274]LogNet: Browse: /Game/ThirdPersonBP/Maps/ThirdPersonExampleMap
[2019.06.25-22.31.15:591][274]LogLoad: LoadMap: /Game/ThirdPersonBP/Maps/ThirdPersonExampleMap
[2019.06.25-22.31.15:893][274]LogAIModule: Creating AISystem for world ThirdPersonExampleMap
[2019.06.25-22.31.15:894][274]LogLoad: Game class is 'ThirdPersonGameMode_C'
[2019.06.25-22.31.15:899][274]LogWorld: Bringing World /Game/ThirdPersonBP/Maps/ThirdPersonExampleMap.ThirdPersonExampleMap up for play (max tick rate 0) at 2019.06.25-17.31.15
[2019.06.25-22.31.15:901][274]LogWorld: Bringing up level for play took: 0.005949
[2019.06.25-22.31.15:902][274]LogGameMode: FindPlayerStart: PATHS NOT DEFINED or NO PLAYERSTART with positive rating
[2019.06.25-22.31.15:902][274]LogUMG: Display: Widget Class Scores_C - Loaded Fast Template.
[2019.06.25-22.31.15:903][274]LogLoad: Took 0.312404 seconds to LoadMap(/Game/ThirdPersonBP/Maps/ThirdPersonExampleMap)
[2019.06.25-22.31.38:708][681]LogMaterial: Had to pass SMU back to game thread. Please ensure correct material usage flags.
[2019.06.25-22.31.46:708][176]LogNet: Browse: /Game/ThirdPersonBP/Maps/ThirdPersonExampleMap
[2019.06.25-22.31.46:709][176]LogLoad: LoadMap: /Game/ThirdPersonBP/Maps/ThirdPersonExampleMap
[2019.06.25-22.31.47:117][176]LogAIModule: Creating AISystem for world ThirdPersonExampleMap
[2019.06.25-22.31.47:119][176]LogLoad: Game class is 'ThirdPersonGameMode_C'
[2019.06.25-22.31.47:127][176]LogWorld: Bringing World /Game/ThirdPersonBP/Maps/ThirdPersonExampleMap.ThirdPersonExampleMap up for play (max tick rate 0) at 2019.06.25-17.31.47
[2019.06.25-22.31.47:141][176]LogWorld: Bringing up level for play took: 0.020817
[2019.06.25-22.31.47:143][176]LogGameMode: FindPlayerStart: PATHS NOT DEFINED or NO PLAYERSTART with positive rating
[2019.06.25-22.31.47:143][176]LogUMG: Display: Widget Class Scores_C - Loaded Fast Template.
[2019.06.25-22.31.47:145][176]LogLoad: Took 0.436481 seconds to LoadMap(/Game/ThirdPersonBP/Maps/ThirdPersonExampleMap)
[2019.06.25-22.31.48:957][284]LogSlate: Request Window 'BomberBoiz (32-bit, PCD3D_SM5)' being destroyed
[2019.06.25-22.31.48:981][284]LogSlate: Window 'BomberBoiz (32-bit, PCD3D_SM5)' being destroyed
[2019.06.25-22.31.48:982][284]LogWindowsTextInputMethodSystem: Display: IME system now deactivated.
[2019.06.25-22.31.48:988][284]LogEngine: All Windows Closed
[2019.06.25-22.31.48:989][284]LogWindows: FPlatformMisc::RequestExit(0)
[2019.06.25-22.31.49:843][285]LogExit: Preparing to exit.
[2019.06.25-22.31.49:843][285]LogMoviePlayer: Shutting down movie player
[2019.06.25-22.31.49:850][285]LogExit: Game engine shut down
[2019.06.25-22.31.49:886][285]LogExit: Object subsystem successfully closed.
[2019.06.25-22.31.49:901][285]LogD3D11RHI: Shutdown
[2019.06.25-22.31.49:901][285]LogD3D11RHI: CleanupD3DDevice
[2019.06.25-22.31.49:904][285]LogD3D11RHI: ~FD3D11DynamicRHI
[2019.06.25-22.31.49:904][285]LogModuleManager: Shutting down and abandoning module AutomationController (164)
[2019.06.25-22.31.49:904][285]LogModuleManager: Shutting down and abandoning module AutomationWorker (162)
[2019.06.25-22.31.49:904][285]LogModuleManager: Shutting down and abandoning module AIModule (160)
[2019.06.25-22.31.49:905][285]LogModuleManager: Shutting down and abandoning module GameplayDebugger (159)
[2019.06.25-22.31.49:905][285]LogModuleManager: Shutting down and abandoning module WmfMediaFactory (156)
[2019.06.25-22.31.49:905][285]LogModuleManager: Shutting down and abandoning module OpenExrWrapper (154)
[2019.06.25-22.31.49:905][285]LogModuleManager: Shutting down and abandoning module ImgMediaFactory (152)
[2019.06.25-22.31.49:905][285]LogModuleManager: Shutting down and abandoning module AvfMediaFactory (150)
[2019.06.25-22.31.49:905][285]LogModuleManager: Shutting down and abandoning module CharacterAI (148)
[2019.06.25-22.31.49:905][285]LogModuleManager: Shutting down and abandoning module SessionServices (146)
[2019.06.25-22.31.49:905][285]LogModuleManager: Shutting down and abandoning module MovieSceneTracks (144)
[2019.06.25-22.31.49:905][285]LogModuleManager: Shutting down and abandoning module MovieScene (142)
[2019.06.25-22.31.49:905][285]LogModuleManager: Shutting down and abandoning module GeometryCache (140)
[2019.06.25-22.31.49:905][285]LogModuleManager: Shutting down and abandoning module StreamingPauseRendering (138)
[2019.06.25-22.31.49:905][285]LogModuleManager: Shutting down and abandoning module AnalyticsET (136)
[2019.06.25-22.31.49:905][285]LogModuleManager: Shutting down and abandoning module ProfilerService (134)
[2019.06.25-22.31.50:004][285]LogModuleManager: Shutting down and abandoning module TaskGraph (132)
[2019.06.25-22.31.50:004][285]LogModuleManager: Shutting down and abandoning module SteamVRController (130)
[2019.06.25-22.31.50:004][285]LogModuleManager: Shutting down and abandoning module ProceduralMeshComponent (128)
[2019.06.25-22.31.50:004][285]LogModuleManager: Shutting down and abandoning module OculusInput (126)
[2019.06.25-22.31.50:004][285]LogModuleManager: Shutting down and abandoning module MobilePatchingUtils (124)
[2019.06.25-22.31.50:004][285]LogModuleManager: Shutting down and abandoning module CustomMeshComponent (122)
[2019.06.25-22.31.50:004][285]LogModuleManager: Shutting down and abandoning module CableComponent (120)
[2019.06.25-22.31.50:004][285]LogModuleManager: Shutting down and abandoning module ArchVisCharacter (118)
[2019.06.25-22.31.50:004][285]LogModuleManager: Shutting down and abandoning module AndroidPermission (116)
[2019.06.25-22.31.50:004][285]LogModuleManager: Shutting down and abandoning module ActorSequence (112)
[2019.06.25-22.31.50:004][285]LogModuleManager: Shutting down and abandoning module MediaCompositing (110)
[2019.06.25-22.31.50:004][285]LogModuleManager: Shutting down and abandoning module HTML5Networking (108)
[2019.06.25-22.31.50:004][285]LogModuleManager: Shutting down and abandoning module RuntimePhysXCooking (106)
[2019.06.25-22.31.50:004][285]LogModuleManager: Shutting down and abandoning module PhysXVehicles (104)
[2019.06.25-22.31.50:004][285]LogModuleManager: Shutting down and abandoning module LocationServicesBPLibrary (102)
[2019.06.25-22.31.50:004][285]LogModuleManager: Shutting down and abandoning module ImmediatePhysics (100)
[2019.06.25-22.31.50:004][285]LogModuleManager: Shutting down and abandoning module UdpMessaging (98)
[2019.06.25-22.31.50:004][285]LogModuleManager: Shutting down and abandoning module TcpMessaging (96)
[2019.06.25-22.31.50:004][285]LogModuleManager: Shutting down and abandoning module FacialAnimation (94)
[2019.06.25-22.31.50:004][285]LogModuleManager: Shutting down and abandoning module LightPropagationVolumeRuntime (92)
[2019.06.25-22.31.50:005][285]LogModuleManager: Shutting down and abandoning module Paper2D (90)
[2019.06.25-22.31.50:005][285]LogModuleManager: Shutting down and abandoning module WindowsMoviePlayer (88)
[2019.06.25-22.31.50:005][285]LogModuleManager: Shutting down and abandoning module WmfMedia (86)
[2019.06.25-22.31.50:005][285]LogModuleManager: Shutting down and abandoning module ImgMedia (84)
[2019.06.25-22.31.50:005][285]LogModuleManager: Shutting down and abandoning module PacketHandler (82)
[2019.06.25-22.31.50:005][285]LogModuleManager: Shutting down and abandoning module ClothingSystemRuntime (80)
[2019.06.25-22.31.50:006][285]LogModuleManager: Shutting down and abandoning module MediaAssets (78)
[2019.06.25-22.31.50:006][285]LogModuleManager: Shutting down and abandoning module Overlay (76)
[2019.06.25-22.31.50:006][285]LogModuleManager: Shutting down and abandoning module UMG (74)
[2019.06.25-22.31.50:006][285]LogModuleManager: Shutting down and abandoning module SlateReflector (72)
[2019.06.25-22.31.50:007][285]LogModuleManager: Shutting down and abandoning module Slate (70)
[2019.06.25-22.31.50:007][285]LogModuleManager: Shutting down and abandoning module MRMesh (68)
[2019.06.25-22.31.50:007][285]LogModuleManager: Shutting down and abandoning module Messaging (66)
[2019.06.25-22.31.50:007][285]LogModuleManager: Shutting down and abandoning module HeadMountedDisplay (64)
[2019.06.25-22.31.50:007][285]LogModuleManager: Shutting down and abandoning module XAudio2 (62)
[2019.06.25-22.31.50:007][285]LogModuleManager: Shutting down and abandoning module Networking (60)
[2019.06.25-22.31.50:007][285]LogModuleManager: Shutting down and abandoning module Core (56)
[2019.06.25-22.31.50:007][285]LogModuleManager: Shutting down and abandoning module LevelSequence (54)
[2019.06.25-22.31.50:007][285]LogModuleManager: Shutting down and abandoning module Media (52)
[2019.06.25-22.31.50:012][285]LogModuleManager: Shutting down and abandoning module ImageWrapper (48)
[2019.06.25-22.31.50:012][285]LogModuleManager: Shutting down and abandoning module InputCore (46)
[2019.06.25-22.31.50:012][285]LogModuleManager: Shutting down and abandoning module PhysXCooking (44)
[2019.06.25-22.31.50:012][285]LogModuleManager: Shutting down and abandoning module SteamVR (42)
[2019.06.25-22.31.50:012][285]LogModuleManager: Shutting down and abandoning module OculusHMD (40)
[2019.06.25-22.31.50:012][285]LogModuleManager: Shutting down and abandoning module ExampleDeviceProfileSelector (38)
[2019.06.25-22.31.50:012][285]LogModuleManager: Shutting down and abandoning module OnlineSubsystem (34)
[2019.06.25-22.31.50:012][285]LogModuleManager: Shutting down and abandoning module HTTP (33)
[2019.06.25-22.31.50:012][285]LogHttp: Display: Http module shutting down, but needs to wait on 1 outstanding Http requests:
[2019.06.25-22.31.50:012][285]LogHttp: Display: 	verb=[POST] url=[https://datarouter.ol.epicgames.com/datarouter/api/v1/public/data?SessionID=%7BCDC0CAA0-47C9-979B-363D-40B2F77D56B2%7D&AppID=UEGame.Rocket.Release%7C791D26074EB2E53CC83A74930846919D%7CThird%20Person%20BP%20Game%20Template&AppVersion=4.18.1-3754814%2B%2B%2BUE4%2BRelease-4.18&UserID=ANON-%7BF2C8D0FE-4398-AC5B-3144-2A856A87EC66%7D%7C%7C&AppEnvironment=datacollector-binary&UploadType=eteventstream] status=Processing
[2019.06.25-22.31.50:018][285]LogModuleManager: Shutting down and abandoning module SSL (32)
[2019.06.25-22.31.50:018][285]LogModuleManager: Shutting down and abandoning module ShaderCore (28)
[2019.06.25-22.31.50:018][285]LogModuleManager: Shutting down and abandoning module Landscape (26)
[2019.06.25-22.31.50:019][285]LogModuleManager: Shutting down and abandoning module SlateRHIRenderer (24)
[2019.06.25-22.31.50:019][285]LogModuleManager: Shutting down and abandoning module OpenGLDrv (22)
[2019.06.25-22.31.50:019][285]LogModuleManager: Shutting down and abandoning module D3D11RHI (20)
[2019.06.25-22.31.50:019][285]LogModuleManager: Shutting down and abandoning module AnimGraphRuntime (18)
[2019.06.25-22.31.50:019][285]LogModuleManager: Shutting down and abandoning module Renderer (16)
[2019.06.25-22.31.50:019][285]LogModuleManager: Shutting down and abandoning module Engine (14)
[2019.06.25-22.31.50:019][285]LogModuleManager: Shutting down and abandoning module CoreUObject (12)
[2019.06.25-22.31.50:019][285]LogModuleManager: Shutting down and abandoning module NetworkFile (10)
[2019.06.25-22.31.50:019][285]LogModuleManager: Shutting down and abandoning module CookedIterativeFile (8)
[2019.06.25-22.31.50:019][285]LogModuleManager: Shutting down and abandoning module StreamingFile (6)
[2019.06.25-22.31.50:019][285]LogModuleManager: Shutting down and abandoning module SandboxFile (4)
[2019.06.25-22.31.50:019][285]LogModuleManager: Shutting down and abandoning module PakFile (2)
[2019.06.25-22.31.50:021][285]LogExit: Exiting.
[2019.06.25-22.31.50:022][285]Log file closed, 06/25/19 17:31:50
